2026-01-10T05:20:37 | touched: LICENSE
2025-12-16T18:01:22 | touched: src/main.rs
2025-07-16T01:53:26 | touched: LICENSE
2026-01-21T01:17:33 | touched: LICENSE
2026-01-02T05:40:46 | touched: src/lib.rs
2026-01-11T20:19:05 | touched: src/lib.rs
2026-01-19T22:35:01 | touched: Cargo.toml
2025-01-06T23:46:54 | touched: Cargo.toml
2025-01-20T15:52:38 | touched: LICENSE
2025-08-14T20:57:57 | touched: src/main.rs
2025-10-25T07:26:15 | touched: src/lib.rs
2025-07-25T13:51:43 | touched: LICENSE
2025-12-06T18:15:12 | touched: LICENSE
2025-05-19T07:26:04 | touched: LICENSE
2025-01-22T10:39:24 | touched: src/main.rs
2025-11-09T16:57:54 | touched: src/main.rs
2025-07-28T00:49:56 | touched: README.md
2025-06-14T20:24:14 | touched: src/main.rs
2025-12-26T23:17:52 | touched: src/lib.rs
2025-03-10T07:16:33 | touched: README.md
2025-11-13T22:52:44 | touched: src/main.rs
2025-04-15T08:57:58 | touched: README.md
2025-11-23T08:13:10 | touched: src/main.rs
2025-03-09T21:24:34 | touched: Cargo.toml
2025-04-06T06:01:30 | touched: Cargo.toml
2025-12-17T15:44:31 | touched: README.md
2025-05-16T14:35:46 | touched: README.md
2025-08-26T07:14:04 | touched: README.md
2025-10-15T03:42:54 | touched: src/main.rs
2025-12-18T11:31:48 | touched: src/main.rs
2025-10-27T00:20:07 | touched: LICENSE
2025-11-28T12:25:20 | touched: README.md
2025-05-14T05:00:37 | touched: Cargo.toml
2025-09-19T08:39:59 | touched: Cargo.toml
2025-05-16T20:50:15 | touched: src/main.rs
